0 info it worked if it ends with ok
1 verbose cli [ 'C:\\Program Files (x86)\\nodejs\\\\node.exe',
1 verbose cli   'C:\\Program Files (x86)\\nodejs\\node_modules\\npm\\bin\\npm-cli.js',
1 verbose cli   'install',
1 verbose cli   '--save',
1 verbose cli   'ngFacebook' ]
2 info using npm@1.4.28
3 info using node@v0.10.32
4 verbose node symlink C:\Program Files (x86)\nodejs\\node.exe
5 warn package.json x-finder@0.0.1 No repository field.
6 verbose readDependencies using package.json deps
7 verbose cache add [ 'ngFacebook', null ]
8 verbose cache add name=undefined spec="ngFacebook" args=["ngFacebook",null]
9 verbose parsed url { protocol: null,
9 verbose parsed url   slashes: null,
9 verbose parsed url   auth: null,
9 verbose parsed url   host: null,
9 verbose parsed url   port: null,
9 verbose parsed url   hostname: null,
9 verbose parsed url   hash: null,
9 verbose parsed url   search: null,
9 verbose parsed url   query: null,
9 verbose parsed url   pathname: 'ngFacebook',
9 verbose parsed url   path: 'ngFacebook',
9 verbose parsed url   href: 'ngFacebook' }
10 silly lockFile 3f9d79b8-ngFacebook ngFacebook
11 verbose lock ngFacebook C:\Users\Avishay\AppData\Roaming\npm-cache\3f9d79b8-ngFacebook.lock
12 silly lockFile 3f9d79b8-ngFacebook ngFacebook
13 silly lockFile 3f9d79b8-ngFacebook ngFacebook
14 verbose addNamed [ 'ngFacebook', '' ]
15 verbose addNamed [ null, '*' ]
16 silly lockFile 926085af-ngFacebook ngFacebook@
17 verbose lock ngFacebook@ C:\Users\Avishay\AppData\Roaming\npm-cache\926085af-ngFacebook.lock
18 silly addNameRange { name: 'ngFacebook', range: '*', hasData: false }
19 verbose request where is /ngFacebook
20 verbose request registry https://registry.npmjs.org/
21 verbose request id 4c35b495bde3d153
22 verbose url raw /ngFacebook
23 verbose url resolving [ 'https://registry.npmjs.org/', './ngFacebook' ]
24 verbose url resolved https://registry.npmjs.org/ngFacebook
25 verbose request where is https://registry.npmjs.org/ngFacebook
26 info trying registry request attempt 1 at 18:59:40
27 http GET https://registry.npmjs.org/ngFacebook
28 http 404 https://registry.npmjs.org/ngFacebook
29 verbose headers { server: 'CouchDB/1.5.0 (Erlang OTP/R16B03)',
29 verbose headers   'content-type': 'application/json',
29 verbose headers   'cache-control': 'max-age=0',
29 verbose headers   'content-length': '51',
29 verbose headers   'accept-ranges': 'bytes',
29 verbose headers   date: 'Fri, 10 Jul 2015 15:59:40 GMT',
29 verbose headers   via: '1.1 varnish',
29 verbose headers   age: '0',
29 verbose headers   connection: 'keep-alive',
29 verbose headers   'x-served-by': 'cache-fra1245-FRA',
29 verbose headers   'x-cache': 'MISS',
29 verbose headers   'x-cache-hits': '0',
29 verbose headers   'x-timer': 'S1436543979.956764,VS0,VE103' }
30 silly registry.get cb [ 404,
30 silly registry.get   { server: 'CouchDB/1.5.0 (Erlang OTP/R16B03)',
30 silly registry.get     'content-type': 'application/json',
30 silly registry.get     'cache-control': 'max-age=0',
30 silly registry.get     'content-length': '51',
30 silly registry.get     'accept-ranges': 'bytes',
30 silly registry.get     date: 'Fri, 10 Jul 2015 15:59:40 GMT',
30 silly registry.get     via: '1.1 varnish',
30 silly registry.get     age: '0',
30 silly registry.get     connection: 'keep-alive',
30 silly registry.get     'x-served-by': 'cache-fra1245-FRA',
30 silly registry.get     'x-cache': 'MISS',
30 silly registry.get     'x-cache-hits': '0',
30 silly registry.get     'x-timer': 'S1436543979.956764,VS0,VE103' } ]
31 silly lockFile 926085af-ngFacebook ngFacebook@
32 silly lockFile 926085af-ngFacebook ngFacebook@
33 error 404 404 Not Found: ngFacebook
33 error 404
33 error 404 'ngFacebook' is not in the npm registry.
33 error 404 You should bug the author to publish it
33 error 404 It was specified as a dependency of 'x-finder'
33 error 404
33 error 404 Note that you can also install from a
33 error 404 tarball, folder, or http url, or git url.
34 error System Windows_NT 6.1.7601
35 error command "C:\\Program Files (x86)\\nodejs\\\\node.exe" "C:\\Program Files (x86)\\nodejs\\node_modules\\npm\\bin\\npm-cli.js" "install" "--save" "ngFacebook"
36 error cwd D:\Documents\Documents\GitHub\x-finder
37 error node -v v0.10.32
38 error npm -v 1.4.28
39 error code E404
40 verbose exit [ 1, true ]
